<?xml version="1.0" encoding="UTF-8"?>
<!-- Generated by org.testng.reporters.JUnitReportReporter -->
<testsuite hostname="DESKTOP-VH5FID1" failures="0" tests="1" name="TestScripts.View_list" time="57.395" errors="0" timestamp="2024-09-15T11:20:07 IST" skipped="0">
  <testcase classname="TestScripts.View_list" name="edit_mesg" time="57.395">
    <system-out>
      <![CDATA[enter first
enter second
enter third
enter fourth]]>
    </system-out>
  </testcase> <!-- edit_mesg -->
  <system-out>
    <![CDATA[enter first
enter second
enter third
enter fourth
enter first
enter second
enter third
enter fourth]]>
  </system-out>
</testsuite> <!-- TestScripts.View_list -->
