<?xml version="1.0" encoding="UTF-8"?>
<!-- Generated by org.testng.reporters.JUnitReportReporter -->
<testsuite hostname="DESKTOP-VH5FID1" failures="0" tests="1" name="TestScripts.Create_Mesg" time="76.448" errors="0" timestamp="2024-09-15T13:19:20 IST" skipped="0">
  <testcase classname="TestScripts.Create_Mesg" name="create_mesg" time="76.448">
    <system-out>
      <![CDATA[create_mesgÏs Executed
enter first
enter second
enter third
enter fourth]]>
    </system-out>
  </testcase> <!-- create_mesg -->
  <system-out>
    <![CDATA[enter first
enter second
enter third
enter fourth
create_mesgÏs Executed
enter first
enter second
enter third
enter fourth]]>
  </system-out>
</testsuite> <!-- TestScripts.Create_Mesg -->
