<?xml version="1.0" encoding="UTF-8"?>
<!-- Generated by org.testng.reporters.JUnitReportReporter -->
<testsuite hostname="DESKTOP-VH5FID1" failures="0" tests="1" name="TestScripts.Create_Locked_Mesg" time="189.290" errors="0" timestamp="2024-09-15T14:25:05 IST" skipped="0">
  <testcase classname="TestScripts.Create_Locked_Mesg" name="create_mesg" time="189.290">
    <system-out>
      <![CDATA[create_mesgÏs Executed]]>
    </system-out>
  </testcase> <!-- create_mesg -->
  <system-out>
    <![CDATA[Enter phone no: 
enter first
enter second
enter third
enter fourth
create_mesgÏs Executed]]>
  </system-out>
</testsuite> <!-- TestScripts.Create_Locked_Mesg -->
